<?xml version="1.0" encoding="UTF-8"?>
<testsuite xmlns:xsi="http://www.w3.org/2001/XMLSchema-instance" xsi:noNamespaceSchemaLocation="https://maven.apache.org/surefire/maven-surefire-plugin/xsd/surefire-test-report.xsd" name="CucumberRunner" time="36.703" tests="4" errors="0" skipped="0" failures="0">
  <properties>
    <property name="java.specification.version" value="15"/>
    <property name="sun.jnu.encoding" value="UTF-8"/>
    <property name="java.class.path" value="/Users/prateeksha.kharal/IdeaProjects/SelenideCucumberDemo/target/test-classes:/Users/prateeksha.kharal/IdeaProjects/SelenideCucumberDemo/target/classes:/Users/prateeksha.kharal/.m2/repository/io/cucumber/cucumber-java/4.7.1/cucumber-java-4.7.1.jar:/Users/prateeksha.kharal/.m2/repository/io/cucumber/cucumber-core/4.7.1/cucumber-core-4.7.1.jar:/Users/prateeksha.kharal/.m2/repository/io/cucumber/gherkin/5.1.0/gherkin-5.1.0.jar:/Users/prateeksha.kharal/.m2/repository/io/cucumber/tag-expressions/1.1.1/tag-expressions-1.1.1.jar:/Users/prateeksha.kharal/.m2/repository/io/cucumber/cucumber-expressions/7.0.2/cucumber-expressions-7.0.2.jar:/Users/prateeksha.kharal/.m2/repository/io/cucumber/datatable/1.1.14/datatable-1.1.14.jar:/Users/prateeksha.kharal/.m2/repository/io/cucumber/datatable-dependencies/1.1.14/datatable-dependencies-1.1.14.jar:/Users/prateeksha.kharal/.m2/repository/org/apiguardian/apiguardian-api/1.1.0/apiguardian-api-1.1.0.jar:/Users/prateeksha.kharal/.m2/repository/org/testng/testng/6.14.2/testng-6.14.2.jar:/Users/prateeksha.kharal/.m2/repository/com/beust/jcommander/1.72/jcommander-1.72.jar:/Users/prateeksha.kharal/.m2/repository/org/apache-extras/beanshell/bsh/2.0b6/bsh-2.0b6.jar:/Users/prateeksha.kharal/.m2/repository/io/cucumber/cucumber-testng/4.7.1/cucumber-testng-4.7.1.jar:/Users/prateeksha.kharal/.m2/repository/io/cucumber/cucumber-picocontainer/4.7.1/cucumber-picocontainer-4.7.1.jar:/Users/prateeksha.kharal/.m2/repository/org/picocontainer/picocontainer/2.15/picocontainer-2.15.jar:/Users/prateeksha.kharal/.m2/repository/com/codeborne/selenide/5.18.0/selenide-5.18.0.jar:/Users/prateeksha.kharal/.m2/repository/org/seleniumhq/selenium/selenium-java/3.141.59/selenium-java-3.141.59.jar:/Users/prateeksha.kharal/.m2/repository/org/seleniumhq/selenium/selenium-api/3.141.59/selenium-api-3.141.59.jar:/Users/prateeksha.kharal/.m2/repository/org/seleniumhq/selenium/selenium-chrome-driver/3.141.59/selenium-chrome-driver-3.141.59.jar:/Users/prateeksha.kharal/.m2/repository/org/seleniumhq/selenium/selenium-edge-driver/3.141.59/selenium-edge-driver-3.141.59.jar:/Users/prateeksha.kharal/.m2/repository/org/seleniumhq/selenium/selenium-firefox-driver/3.141.59/selenium-firefox-driver-3.141.59.jar:/Users/prateeksha.kharal/.m2/repository/org/seleniumhq/selenium/selenium-ie-driver/3.141.59/selenium-ie-driver-3.141.59.jar:/Users/prateeksha.kharal/.m2/repository/org/seleniumhq/selenium/selenium-opera-driver/3.141.59/selenium-opera-driver-3.141.59.jar:/Users/prateeksha.kharal/.m2/repository/org/seleniumhq/selenium/selenium-remote-driver/3.141.59/selenium-remote-driver-3.141.59.jar:/Users/prateeksha.kharal/.m2/repository/org/seleniumhq/selenium/selenium-safari-driver/3.141.59/selenium-safari-driver-3.141.59.jar:/Users/prateeksha.kharal/.m2/repository/org/seleniumhq/selenium/selenium-support/3.141.59/selenium-support-3.141.59.jar:/Users/prateeksha.kharal/.m2/repository/org/apache/commons/commons-exec/1.3/commons-exec-1.3.jar:/Users/prateeksha.kharal/.m2/repository/com/squareup/okhttp3/okhttp/3.11.0/okhttp-3.11.0.jar:/Users/prateeksha.kharal/.m2/repository/com/squareup/okio/okio/1.14.0/okio-1.14.0.jar:/Users/prateeksha.kharal/.m2/repository/io/github/bonigarcia/webdrivermanager/4.3.1/webdrivermanager-4.3.1.jar:/Users/prateeksha.kharal/.m2/repository/commons-io/commons-io/2.8.0/commons-io-2.8.0.jar:/Users/prateeksha.kharal/.m2/repository/com/google/code/gson/gson/2.8.6/gson-2.8.6.jar:/Users/prateeksha.kharal/.m2/repository/org/apache/commons/commons-lang3/3.11/commons-lang3-3.11.jar:/Users/prateeksha.kharal/.m2/repository/org/jsoup/jsoup/1.13.1/jsoup-1.13.1.jar:/Users/prateeksha.kharal/.m2/repository/org/rauschig/jarchivelib/1.1.0/jarchivelib-1.1.0.jar:/Users/prateeksha.kharal/.m2/repository/org/apache/commons/commons-compress/1.20/commons-compress-1.20.jar:/Users/prateeksha.kharal/.m2/repository/org/apache/httpcomponents/client5/httpclient5/5.0.3/httpclient5-5.0.3.jar:/Users/prateeksha.kharal/.m2/repository/org/apache/httpcomponents/core5/httpcore5/5.0.2/httpcore5-5.0.2.jar:/Users/prateeksha.kharal/.m2/repository/commons-codec/commons-codec/1.13/commons-codec-1.13.jar:/Users/prateeksha.kharal/.m2/repository/com/google/guava/guava/30.1-jre/guava-30.1-jre.jar:/Users/prateeksha.kharal/.m2/repository/com/google/guava/failureaccess/1.0.1/failureaccess-1.0.1.jar:/Users/prateeksha.kharal/.m2/repository/com/google/guava/listenablefuture/9999.0-empty-to-avoid-conflict-with-guava/listenablefuture-9999.0-empty-to-avoid-conflict-with-guava.jar:/Users/prateeksha.kharal/.m2/repository/org/checkerframework/checker-qual/3.5.0/checker-qual-3.5.0.jar:/Users/prateeksha.kharal/.m2/repository/com/google/errorprone/error_prone_annotations/2.3.4/error_prone_annotations-2.3.4.jar:/Users/prateeksha.kharal/.m2/repository/com/google/j2objc/j2objc-annotations/1.3/j2objc-annotations-1.3.jar:/Users/prateeksha.kharal/.m2/repository/org/slf4j/slf4j-api/1.7.30/slf4j-api-1.7.30.jar:/Users/prateeksha.kharal/.m2/repository/com/fasterxml/jackson/dataformat/jackson-dataformat-yaml/2.3.0/jackson-dataformat-yaml-2.3.0.jar:/Users/prateeksha.kharal/.m2/repository/com/fasterxml/jackson/core/jackson-core/2.3.0/jackson-core-2.3.0.jar:/Users/prateeksha.kharal/.m2/repository/com/fasterxml/jackson/core/jackson-databind/2.2.3/jackson-databind-2.2.3.jar:/Users/prateeksha.kharal/.m2/repository/com/fasterxml/jackson/core/jackson-annotations/2.2.3/jackson-annotations-2.2.3.jar:/Users/prateeksha.kharal/.m2/repository/com/epam/reportportal/agent-java-cucumber4/5.0.1/agent-java-cucumber4-5.0.1.jar:/Users/prateeksha.kharal/.m2/repository/com/epam/reportportal/client-java/5.0.15/client-java-5.0.15.jar:/Users/prateeksha.kharal/.m2/repository/org/aspectj/aspectjweaver/1.9.2/aspectjweaver-1.9.2.jar:/Users/prateeksha.kharal/.m2/repository/org/aspectj/aspectjrt/1.9.2/aspectjrt-1.9.2.jar:/Users/prateeksha.kharal/.m2/repository/io/reactivex/rxjava2/rxjava/2.2.10/rxjava-2.2.10.jar:/Users/prateeksha.kharal/.m2/repository/org/reactivestreams/reactive-streams/1.0.2/reactive-streams-1.0.2.jar:/Users/prateeksha.kharal/.m2/repository/org/apache/tika/tika-core/1.20/tika-core-1.20.jar:/Users/prateeksha.kharal/.m2/repository/com/epam/reportportal/commons-model/5.0.0/commons-model-5.0.0.jar:/Users/prateeksha.kharal/.m2/repository/io/swagger/swagger-annotations/1.5.24/swagger-annotations-1.5.24.jar:/Users/prateeksha.kharal/.m2/repository/javax/validation/validation-api/2.0.1.Final/validation-api-2.0.1.Final.jar:/Users/prateeksha.kharal/.m2/repository/com/google/code/findbugs/jsr305/3.0.2/jsr305-3.0.2.jar:/Users/prateeksha.kharal/.m2/repository/com/epam/reportportal/logger-java-logback/5.0.1/logger-java-logback-5.0.1.jar:/Users/prateeksha.kharal/.m2/repository/ch/qos/logback/logback-classic/1.2.3/logback-classic-1.2.3.jar:/Users/prateeksha.kharal/.m2/repository/ch/qos/logback/logback-core/1.2.3/logback-core-1.2.3.jar:/Users/prateeksha.kharal/.m2/repository/org/easytesting/fest-assert-core/2.0M10/fest-assert-core-2.0M10.jar:/Users/prateeksha.kharal/.m2/repository/org/easytesting/fest-util/1.2.5/fest-util-1.2.5.jar:/Users/prateeksha.kharal/.m2/repository/org/postgresql/postgresql/42.2.14/postgresql-42.2.14.jar:"/>
    <property name="java.vm.vendor" value="Oracle Corporation"/>
    <property name="sun.arch.data.model" value="64"/>
    <property name="java.vendor.url" value="https://openjdk.java.net/"/>
    <property name="os.name" value="Mac OS X"/>
    <property name="java.vm.specification.version" value="15"/>
    <property name="sun.java.launcher" value="SUN_STANDARD"/>
    <property name="user.country" value="IN"/>
    <property name="sun.boot.library.path" value="/usr/local/Cellar/openjdk/15.0.1/libexec/openjdk.jdk/Contents/Home/lib"/>
    <property name="sun.java.command" value="/Users/prateeksha.kharal/IdeaProjects/SelenideCucumberDemo/target/surefire/surefirebooter13825175142631572092.jar /Users/prateeksha.kharal/IdeaProjects/SelenideCucumberDemo/target/surefire 2021-03-03T15-35-28_941-jvmRun1 surefire9470967834078694221tmp surefire_013015548302021634656tmp"/>
    <property name="http.nonProxyHosts" value="local|*.local|169.254/16|*.169.254/16"/>
    <property name="jdk.debug" value="release"/>
    <property name="surefire.test.class.path" value="/Users/prateeksha.kharal/IdeaProjects/SelenideCucumberDemo/target/test-classes:/Users/prateeksha.kharal/IdeaProjects/SelenideCucumberDemo/target/classes:/Users/prateeksha.kharal/.m2/repository/io/cucumber/cucumber-java/4.7.1/cucumber-java-4.7.1.jar:/Users/prateeksha.kharal/.m2/repository/io/cucumber/cucumber-core/4.7.1/cucumber-core-4.7.1.jar:/Users/prateeksha.kharal/.m2/repository/io/cucumber/gherkin/5.1.0/gherkin-5.1.0.jar:/Users/prateeksha.kharal/.m2/repository/io/cucumber/tag-expressions/1.1.1/tag-expressions-1.1.1.jar:/Users/prateeksha.kharal/.m2/repository/io/cucumber/cucumber-expressions/7.0.2/cucumber-expressions-7.0.2.jar:/Users/prateeksha.kharal/.m2/repository/io/cucumber/datatable/1.1.14/datatable-1.1.14.jar:/Users/prateeksha.kharal/.m2/repository/io/cucumber/datatable-dependencies/1.1.14/datatable-dependencies-1.1.14.jar:/Users/prateeksha.kharal/.m2/repository/org/apiguardian/apiguardian-api/1.1.0/apiguardian-api-1.1.0.jar:/Users/prateeksha.kharal/.m2/repository/org/testng/testng/6.14.2/testng-6.14.2.jar:/Users/prateeksha.kharal/.m2/repository/com/beust/jcommander/1.72/jcommander-1.72.jar:/Users/prateeksha.kharal/.m2/repository/org/apache-extras/beanshell/bsh/2.0b6/bsh-2.0b6.jar:/Users/prateeksha.kharal/.m2/repository/io/cucumber/cucumber-testng/4.7.1/cucumber-testng-4.7.1.jar:/Users/prateeksha.kharal/.m2/repository/io/cucumber/cucumber-picocontainer/4.7.1/cucumber-picocontainer-4.7.1.jar:/Users/prateeksha.kharal/.m2/repository/org/picocontainer/picocontainer/2.15/picocontainer-2.15.jar:/Users/prateeksha.kharal/.m2/repository/com/codeborne/selenide/5.18.0/selenide-5.18.0.jar:/Users/prateeksha.kharal/.m2/repository/org/seleniumhq/selenium/selenium-java/3.141.59/selenium-java-3.141.59.jar:/Users/prateeksha.kharal/.m2/repository/org/seleniumhq/selenium/selenium-api/3.141.59/selenium-api-3.141.59.jar:/Users/prateeksha.kharal/.m2/repository/org/seleniumhq/selenium/selenium-chrome-driver/3.141.59/selenium-chrome-driver-3.141.59.jar:/Users/prateeksha.kharal/.m2/repository/org/seleniumhq/selenium/selenium-edge-driver/3.141.59/selenium-edge-driver-3.141.59.jar:/Users/prateeksha.kharal/.m2/repository/org/seleniumhq/selenium/selenium-firefox-driver/3.141.59/selenium-firefox-driver-3.141.59.jar:/Users/prateeksha.kharal/.m2/repository/org/seleniumhq/selenium/selenium-ie-driver/3.141.59/selenium-ie-driver-3.141.59.jar:/Users/prateeksha.kharal/.m2/repository/org/seleniumhq/selenium/selenium-opera-driver/3.141.59/selenium-opera-driver-3.141.59.jar:/Users/prateeksha.kharal/.m2/repository/org/seleniumhq/selenium/selenium-remote-driver/3.141.59/selenium-remote-driver-3.141.59.jar:/Users/prateeksha.kharal/.m2/repository/org/seleniumhq/selenium/selenium-safari-driver/3.141.59/selenium-safari-driver-3.141.59.jar:/Users/prateeksha.kharal/.m2/repository/org/seleniumhq/selenium/selenium-support/3.141.59/selenium-support-3.141.59.jar:/Users/prateeksha.kharal/.m2/repository/org/apache/commons/commons-exec/1.3/commons-exec-1.3.jar:/Users/prateeksha.kharal/.m2/repository/com/squareup/okhttp3/okhttp/3.11.0/okhttp-3.11.0.jar:/Users/prateeksha.kharal/.m2/repository/com/squareup/okio/okio/1.14.0/okio-1.14.0.jar:/Users/prateeksha.kharal/.m2/repository/io/github/bonigarcia/webdrivermanager/4.3.1/webdrivermanager-4.3.1.jar:/Users/prateeksha.kharal/.m2/repository/commons-io/commons-io/2.8.0/commons-io-2.8.0.jar:/Users/prateeksha.kharal/.m2/repository/com/google/code/gson/gson/2.8.6/gson-2.8.6.jar:/Users/prateeksha.kharal/.m2/repository/org/apache/commons/commons-lang3/3.11/commons-lang3-3.11.jar:/Users/prateeksha.kharal/.m2/repository/org/jsoup/jsoup/1.13.1/jsoup-1.13.1.jar:/Users/prateeksha.kharal/.m2/repository/org/rauschig/jarchivelib/1.1.0/jarchivelib-1.1.0.jar:/Users/prateeksha.kharal/.m2/repository/org/apache/commons/commons-compress/1.20/commons-compress-1.20.jar:/Users/prateeksha.kharal/.m2/repository/org/apache/httpcomponents/client5/httpclient5/5.0.3/httpclient5-5.0.3.jar:/Users/prateeksha.kharal/.m2/repository/org/apache/httpcomponents/core5/httpcore5/5.0.2/httpcore5-5.0.2.jar:/Users/prateeksha.kharal/.m2/repository/commons-codec/commons-codec/1.13/commons-codec-1.13.jar:/Users/prateeksha.kharal/.m2/repository/com/google/guava/guava/30.1-jre/guava-30.1-jre.jar:/Users/prateeksha.kharal/.m2/repository/com/google/guava/failureaccess/1.0.1/failureaccess-1.0.1.jar:/Users/prateeksha.kharal/.m2/repository/com/google/guava/listenablefuture/9999.0-empty-to-avoid-conflict-with-guava/listenablefuture-9999.0-empty-to-avoid-conflict-with-guava.jar:/Users/prateeksha.kharal/.m2/repository/org/checkerframework/checker-qual/3.5.0/checker-qual-3.5.0.jar:/Users/prateeksha.kharal/.m2/repository/com/google/errorprone/error_prone_annotations/2.3.4/error_prone_annotations-2.3.4.jar:/Users/prateeksha.kharal/.m2/repository/com/google/j2objc/j2objc-annotations/1.3/j2objc-annotations-1.3.jar:/Users/prateeksha.kharal/.m2/repository/org/slf4j/slf4j-api/1.7.30/slf4j-api-1.7.30.jar:/Users/prateeksha.kharal/.m2/repository/com/fasterxml/jackson/dataformat/jackson-dataformat-yaml/2.3.0/jackson-dataformat-yaml-2.3.0.jar:/Users/prateeksha.kharal/.m2/repository/com/fasterxml/jackson/core/jackson-core/2.3.0/jackson-core-2.3.0.jar:/Users/prateeksha.kharal/.m2/repository/com/fasterxml/jackson/core/jackson-databind/2.2.3/jackson-databind-2.2.3.jar:/Users/prateeksha.kharal/.m2/repository/com/fasterxml/jackson/core/jackson-annotations/2.2.3/jackson-annotations-2.2.3.jar:/Users/prateeksha.kharal/.m2/repository/com/epam/reportportal/agent-java-cucumber4/5.0.1/agent-java-cucumber4-5.0.1.jar:/Users/prateeksha.kharal/.m2/repository/com/epam/reportportal/client-java/5.0.15/client-java-5.0.15.jar:/Users/prateeksha.kharal/.m2/repository/org/aspectj/aspectjweaver/1.9.2/aspectjweaver-1.9.2.jar:/Users/prateeksha.kharal/.m2/repository/org/aspectj/aspectjrt/1.9.2/aspectjrt-1.9.2.jar:/Users/prateeksha.kharal/.m2/repository/io/reactivex/rxjava2/rxjava/2.2.10/rxjava-2.2.10.jar:/Users/prateeksha.kharal/.m2/repository/org/reactivestreams/reactive-streams/1.0.2/reactive-streams-1.0.2.jar:/Users/prateeksha.kharal/.m2/repository/org/apache/tika/tika-core/1.20/tika-core-1.20.jar:/Users/prateeksha.kharal/.m2/repository/com/epam/reportportal/commons-model/5.0.0/commons-model-5.0.0.jar:/Users/prateeksha.kharal/.m2/repository/io/swagger/swagger-annotations/1.5.24/swagger-annotations-1.5.24.jar:/Users/prateeksha.kharal/.m2/repository/javax/validation/validation-api/2.0.1.Final/validation-api-2.0.1.Final.jar:/Users/prateeksha.kharal/.m2/repository/com/google/code/findbugs/jsr305/3.0.2/jsr305-3.0.2.jar:/Users/prateeksha.kharal/.m2/repository/com/epam/reportportal/logger-java-logback/5.0.1/logger-java-logback-5.0.1.jar:/Users/prateeksha.kharal/.m2/repository/ch/qos/logback/logback-classic/1.2.3/logback-classic-1.2.3.jar:/Users/prateeksha.kharal/.m2/repository/ch/qos/logback/logback-core/1.2.3/logback-core-1.2.3.jar:/Users/prateeksha.kharal/.m2/repository/org/easytesting/fest-assert-core/2.0M10/fest-assert-core-2.0M10.jar:/Users/prateeksha.kharal/.m2/repository/org/easytesting/fest-util/1.2.5/fest-util-1.2.5.jar:/Users/prateeksha.kharal/.m2/repository/org/postgresql/postgresql/42.2.14/postgresql-42.2.14.jar:"/>
    <property name="sun.cpu.endian" value="little"/>
    <property name="user.home" value="/Users/prateeksha.kharal"/>
    <property name="user.language" value="en"/>
    <property name="java.specification.vendor" value="Oracle Corporation"/>
    <property name="java.version.date" value="2020-10-20"/>
    <property name="java.home" value="/usr/local/Cellar/openjdk/15.0.1/libexec/openjdk.jdk/Contents/Home"/>
    <property name="file.separator" value="/"/>
    <property name="basedir" value="/Users/prateeksha.kharal/IdeaProjects/SelenideCucumberDemo"/>
    <property name="java.vm.compressedOopsMode" value="Zero based"/>
    <property name="line.separator" value="&#10;"/>
    <property name="java.specification.name" value="Java Platform API Specification"/>
    <property name="java.vm.specification.vendor" value="Oracle Corporation"/>
    <property name="surefire.real.class.path" value="/Users/prateeksha.kharal/IdeaProjects/SelenideCucumberDemo/target/surefire/surefirebooter13825175142631572092.jar"/>
    <property name="sun.management.compiler" value="HotSpot 64-Bit Tiered Compilers"/>
    <property name="ftp.nonProxyHosts" value="local|*.local|169.254/16|*.169.254/16"/>
    <property name="java.runtime.version" value="15.0.1+9"/>
    <property name="user.name" value="prateeksha.kharal"/>
    <property name="path.separator" value=":"/>
    <property name="os.version" value="10.15.7"/>
    <property name="java.runtime.name" value="OpenJDK Runtime Environment"/>
    <property name="file.encoding" value="US-ASCII"/>
    <property name="java.vm.name" value="OpenJDK 64-Bit Server VM"/>
    <property name="localRepository" value="/Users/prateeksha.kharal/.m2/repository"/>
    <property name="cucumber.options" value="--tags @P1"/>
    <property name="java.vendor.url.bug" value="https://bugreport.java.com/bugreport/"/>
    <property name="java.io.tmpdir" value="/var/folders/1t/ylstj0kd351csnfxk4z7w9nc0000gp/T/"/>
    <property name="java.version" value="15.0.1"/>
    <property name="user.dir" value="/Users/prateeksha.kharal/IdeaProjects/SelenideCucumberDemo"/>
    <property name="os.arch" value="x86_64"/>
    <property name="java.vm.specification.name" value="Java Virtual Machine Specification"/>
    <property name="java.library.path" value="/Users/prateeksha.kharal/Library/Java/Extensions:/Library/Java/Extensions:/Network/Library/Java/Extensions:/System/Library/Java/Extensions:/usr/lib/java:."/>
    <property name="java.vm.info" value="mixed mode, sharing"/>
    <property name="java.vendor" value="N/A"/>
    <property name="java.vm.version" value="15.0.1+9"/>
    <property name="sun.io.unicode.encoding" value="UnicodeBig"/>
    <property name="socksNonProxyHosts" value="local|*.local|169.254/16|*.169.254/16"/>
    <property name="java.class.version" value="59.0"/>
  </properties>
  <testcase name="runScenario" classname="CucumberRunner" time="22.074"/>
  <testcase name="runScenario" classname="CucumberRunner" time="0.283"/>
  <testcase name="runScenario" classname="CucumberRunner" time="0.416"/>
  <testcase name="runScenario" classname="CucumberRunner" time="14.07"/>
</testsuite>