<?xml version="1.0" encoding="UTF-8"?>
<testsuite xmlns:xsi="http://www.w3.org/2001/XMLSchema-instance" xsi:noNamespaceSchemaLocation="https://maven.apache.org/surefire/maven-surefire-plugin/xsd/surefire-test-report.xsd" name="CucumberRunner" time="13.515" tests="2" errors="0" skipped="0" failures="2">
  <properties>
    <property name="java.specification.version" value="15"/>
    <property name="sun.jnu.encoding" value="UTF-8"/>
    <property name="java.class.path" value="/Users/prateeksha.kharal/IdeaProjects/SelenideCucumberDemo/target/test-classes:/Users/prateeksha.kharal/IdeaProjects/SelenideCucumberDemo/target/classes:/Users/prateeksha.kharal/.m2/repository/io/cucumber/cucumber-java/4.7.1/cucumber-java-4.7.1.jar:/Users/prateeksha.kharal/.m2/repository/io/cucumber/cucumber-core/4.7.1/cucumber-core-4.7.1.jar:/Users/prateeksha.kharal/.m2/repository/io/cucumber/gherkin/5.1.0/gherkin-5.1.0.jar:/Users/prateeksha.kharal/.m2/repository/io/cucumber/tag-expressions/1.1.1/tag-expressions-1.1.1.jar:/Users/prateeksha.kharal/.m2/repository/io/cucumber/cucumber-expressions/7.0.2/cucumber-expressions-7.0.2.jar:/Users/prateeksha.kharal/.m2/repository/io/cucumber/datatable/1.1.14/datatable-1.1.14.jar:/Users/prateeksha.kharal/.m2/repository/io/cucumber/datatable-dependencies/1.1.14/datatable-dependencies-1.1.14.jar:/Users/prateeksha.kharal/.m2/repository/org/apiguardian/apiguardian-api/1.1.0/apiguardian-api-1.1.0.jar:/Users/prateeksha.kharal/.m2/repository/org/testng/testng/6.14.2/testng-6.14.2.jar:/Users/prateeksha.kharal/.m2/repository/com/beust/jcommander/1.72/jcommander-1.72.jar:/Users/prateeksha.kharal/.m2/repository/org/apache-extras/beanshell/bsh/2.0b6/bsh-2.0b6.jar:/Users/prateeksha.kharal/.m2/repository/io/cucumber/cucumber-testng/4.7.1/cucumber-testng-4.7.1.jar:/Users/prateeksha.kharal/.m2/repository/io/cucumber/cucumber-picocontainer/4.7.1/cucumber-picocontainer-4.7.1.jar:/Users/prateeksha.kharal/.m2/repository/org/picocontainer/picocontainer/2.15/picocontainer-2.15.jar:/Users/prateeksha.kharal/.m2/repository/com/codeborne/selenide/5.18.0/selenide-5.18.0.jar:/Users/prateeksha.kharal/.m2/repository/org/seleniumhq/selenium/selenium-java/3.141.59/selenium-java-3.141.59.jar:/Users/prateeksha.kharal/.m2/repository/org/seleniumhq/selenium/selenium-api/3.141.59/selenium-api-3.141.59.jar:/Users/prateeksha.kharal/.m2/repository/org/seleniumhq/selenium/selenium-chrome-driver/3.141.59/selenium-chrome-driver-3.141.59.jar:/Users/prateeksha.kharal/.m2/repository/org/seleniumhq/selenium/selenium-edge-driver/3.141.59/selenium-edge-driver-3.141.59.jar:/Users/prateeksha.kharal/.m2/repository/org/seleniumhq/selenium/selenium-firefox-driver/3.141.59/selenium-firefox-driver-3.141.59.jar:/Users/prateeksha.kharal/.m2/repository/org/seleniumhq/selenium/selenium-ie-driver/3.141.59/selenium-ie-driver-3.141.59.jar:/Users/prateeksha.kharal/.m2/repository/org/seleniumhq/selenium/selenium-opera-driver/3.141.59/selenium-opera-driver-3.141.59.jar:/Users/prateeksha.kharal/.m2/repository/org/seleniumhq/selenium/selenium-remote-driver/3.141.59/selenium-remote-driver-3.141.59.jar:/Users/prateeksha.kharal/.m2/repository/org/seleniumhq/selenium/selenium-safari-driver/3.141.59/selenium-safari-driver-3.141.59.jar:/Users/prateeksha.kharal/.m2/repository/org/seleniumhq/selenium/selenium-support/3.141.59/selenium-support-3.141.59.jar:/Users/prateeksha.kharal/.m2/repository/org/apache/commons/commons-exec/1.3/commons-exec-1.3.jar:/Users/prateeksha.kharal/.m2/repository/com/squareup/okhttp3/okhttp/3.11.0/okhttp-3.11.0.jar:/Users/prateeksha.kharal/.m2/repository/com/squareup/okio/okio/1.14.0/okio-1.14.0.jar:/Users/prateeksha.kharal/.m2/repository/io/github/bonigarcia/webdrivermanager/4.3.1/webdrivermanager-4.3.1.jar:/Users/prateeksha.kharal/.m2/repository/commons-io/commons-io/2.8.0/commons-io-2.8.0.jar:/Users/prateeksha.kharal/.m2/repository/com/google/code/gson/gson/2.8.6/gson-2.8.6.jar:/Users/prateeksha.kharal/.m2/repository/org/apache/commons/commons-lang3/3.11/commons-lang3-3.11.jar:/Users/prateeksha.kharal/.m2/repository/org/jsoup/jsoup/1.13.1/jsoup-1.13.1.jar:/Users/prateeksha.kharal/.m2/repository/org/rauschig/jarchivelib/1.1.0/jarchivelib-1.1.0.jar:/Users/prateeksha.kharal/.m2/repository/org/apache/commons/commons-compress/1.20/commons-compress-1.20.jar:/Users/prateeksha.kharal/.m2/repository/org/apache/httpcomponents/client5/httpclient5/5.0.3/httpclient5-5.0.3.jar:/Users/prateeksha.kharal/.m2/repository/org/apache/httpcomponents/core5/httpcore5/5.0.2/httpcore5-5.0.2.jar:/Users/prateeksha.kharal/.m2/repository/commons-codec/commons-codec/1.13/commons-codec-1.13.jar:/Users/prateeksha.kharal/.m2/repository/com/google/guava/guava/30.1-jre/guava-30.1-jre.jar:/Users/prateeksha.kharal/.m2/repository/com/google/guava/failureaccess/1.0.1/failureaccess-1.0.1.jar:/Users/prateeksha.kharal/.m2/repository/com/google/guava/listenablefuture/9999.0-empty-to-avoid-conflict-with-guava/listenablefuture-9999.0-empty-to-avoid-conflict-with-guava.jar:/Users/prateeksha.kharal/.m2/repository/org/checkerframework/checker-qual/3.5.0/checker-qual-3.5.0.jar:/Users/prateeksha.kharal/.m2/repository/com/google/errorprone/error_prone_annotations/2.3.4/error_prone_annotations-2.3.4.jar:/Users/prateeksha.kharal/.m2/repository/com/google/j2objc/j2objc-annotations/1.3/j2objc-annotations-1.3.jar:/Users/prateeksha.kharal/.m2/repository/org/slf4j/slf4j-api/1.7.30/slf4j-api-1.7.30.jar:/Users/prateeksha.kharal/.m2/repository/com/fasterxml/jackson/dataformat/jackson-dataformat-yaml/2.3.0/jackson-dataformat-yaml-2.3.0.jar:/Users/prateeksha.kharal/.m2/repository/com/fasterxml/jackson/core/jackson-core/2.3.0/jackson-core-2.3.0.jar:/Users/prateeksha.kharal/.m2/repository/com/fasterxml/jackson/core/jackson-databind/2.2.3/jackson-databind-2.2.3.jar:/Users/prateeksha.kharal/.m2/repository/com/fasterxml/jackson/core/jackson-annotations/2.2.3/jackson-annotations-2.2.3.jar:/Users/prateeksha.kharal/.m2/repository/com/epam/reportportal/agent-java-cucumber4/5.0.1/agent-java-cucumber4-5.0.1.jar:/Users/prateeksha.kharal/.m2/repository/com/epam/reportportal/client-java/5.0.15/client-java-5.0.15.jar:/Users/prateeksha.kharal/.m2/repository/org/aspectj/aspectjweaver/1.9.2/aspectjweaver-1.9.2.jar:/Users/prateeksha.kharal/.m2/repository/org/aspectj/aspectjrt/1.9.2/aspectjrt-1.9.2.jar:/Users/prateeksha.kharal/.m2/repository/io/reactivex/rxjava2/rxjava/2.2.10/rxjava-2.2.10.jar:/Users/prateeksha.kharal/.m2/repository/org/reactivestreams/reactive-streams/1.0.2/reactive-streams-1.0.2.jar:/Users/prateeksha.kharal/.m2/repository/org/apache/tika/tika-core/1.20/tika-core-1.20.jar:/Users/prateeksha.kharal/.m2/repository/com/epam/reportportal/commons-model/5.0.0/commons-model-5.0.0.jar:/Users/prateeksha.kharal/.m2/repository/io/swagger/swagger-annotations/1.5.24/swagger-annotations-1.5.24.jar:/Users/prateeksha.kharal/.m2/repository/javax/validation/validation-api/2.0.1.Final/validation-api-2.0.1.Final.jar:/Users/prateeksha.kharal/.m2/repository/com/google/code/findbugs/jsr305/3.0.2/jsr305-3.0.2.jar:/Users/prateeksha.kharal/.m2/repository/com/epam/reportportal/logger-java-logback/5.0.1/logger-java-logback-5.0.1.jar:/Users/prateeksha.kharal/.m2/repository/ch/qos/logback/logback-classic/1.2.3/logback-classic-1.2.3.jar:/Users/prateeksha.kharal/.m2/repository/ch/qos/logback/logback-core/1.2.3/logback-core-1.2.3.jar:/Users/prateeksha.kharal/.m2/repository/org/easytesting/fest-assert-core/2.0M10/fest-assert-core-2.0M10.jar:/Users/prateeksha.kharal/.m2/repository/org/easytesting/fest-util/1.2.5/fest-util-1.2.5.jar:/Users/prateeksha.kharal/.m2/repository/org/postgresql/postgresql/42.2.14/postgresql-42.2.14.jar:"/>
    <property name="java.vm.vendor" value="Oracle Corporation"/>
    <property name="sun.arch.data.model" value="64"/>
    <property name="java.vendor.url" value="https://openjdk.java.net/"/>
    <property name="os.name" value="Mac OS X"/>
    <property name="java.vm.specification.version" value="15"/>
    <property name="sun.java.launcher" value="SUN_STANDARD"/>
    <property name="user.country" value="IN"/>
    <property name="sun.boot.library.path" value="/usr/local/Cellar/openjdk/15.0.1/libexec/openjdk.jdk/Contents/Home/lib"/>
    <property name="sun.java.command" value="/Users/prateeksha.kharal/IdeaProjects/SelenideCucumberDemo/target/surefire/surefirebooter13293742198828543858.jar /Users/prateeksha.kharal/IdeaProjects/SelenideCucumberDemo/target/surefire 2021-03-25T14-18-18_980-jvmRun1 surefire7724775888428124414tmp surefire_02436385804706864271tmp"/>
    <property name="http.nonProxyHosts" value="local, 169.254/16|*.local, 169.254/16"/>
    <property name="jdk.debug" value="release"/>
    <property name="surefire.test.class.path" value="/Users/prateeksha.kharal/IdeaProjects/SelenideCucumberDemo/target/test-classes:/Users/prateeksha.kharal/IdeaProjects/SelenideCucumberDemo/target/classes:/Users/prateeksha.kharal/.m2/repository/io/cucumber/cucumber-java/4.7.1/cucumber-java-4.7.1.jar:/Users/prateeksha.kharal/.m2/repository/io/cucumber/cucumber-core/4.7.1/cucumber-core-4.7.1.jar:/Users/prateeksha.kharal/.m2/repository/io/cucumber/gherkin/5.1.0/gherkin-5.1.0.jar:/Users/prateeksha.kharal/.m2/repository/io/cucumber/tag-expressions/1.1.1/tag-expressions-1.1.1.jar:/Users/prateeksha.kharal/.m2/repository/io/cucumber/cucumber-expressions/7.0.2/cucumber-expressions-7.0.2.jar:/Users/prateeksha.kharal/.m2/repository/io/cucumber/datatable/1.1.14/datatable-1.1.14.jar:/Users/prateeksha.kharal/.m2/repository/io/cucumber/datatable-dependencies/1.1.14/datatable-dependencies-1.1.14.jar:/Users/prateeksha.kharal/.m2/repository/org/apiguardian/apiguardian-api/1.1.0/apiguardian-api-1.1.0.jar:/Users/prateeksha.kharal/.m2/repository/org/testng/testng/6.14.2/testng-6.14.2.jar:/Users/prateeksha.kharal/.m2/repository/com/beust/jcommander/1.72/jcommander-1.72.jar:/Users/prateeksha.kharal/.m2/repository/org/apache-extras/beanshell/bsh/2.0b6/bsh-2.0b6.jar:/Users/prateeksha.kharal/.m2/repository/io/cucumber/cucumber-testng/4.7.1/cucumber-testng-4.7.1.jar:/Users/prateeksha.kharal/.m2/repository/io/cucumber/cucumber-picocontainer/4.7.1/cucumber-picocontainer-4.7.1.jar:/Users/prateeksha.kharal/.m2/repository/org/picocontainer/picocontainer/2.15/picocontainer-2.15.jar:/Users/prateeksha.kharal/.m2/repository/com/codeborne/selenide/5.18.0/selenide-5.18.0.jar:/Users/prateeksha.kharal/.m2/repository/org/seleniumhq/selenium/selenium-java/3.141.59/selenium-java-3.141.59.jar:/Users/prateeksha.kharal/.m2/repository/org/seleniumhq/selenium/selenium-api/3.141.59/selenium-api-3.141.59.jar:/Users/prateeksha.kharal/.m2/repository/org/seleniumhq/selenium/selenium-chrome-driver/3.141.59/selenium-chrome-driver-3.141.59.jar:/Users/prateeksha.kharal/.m2/repository/org/seleniumhq/selenium/selenium-edge-driver/3.141.59/selenium-edge-driver-3.141.59.jar:/Users/prateeksha.kharal/.m2/repository/org/seleniumhq/selenium/selenium-firefox-driver/3.141.59/selenium-firefox-driver-3.141.59.jar:/Users/prateeksha.kharal/.m2/repository/org/seleniumhq/selenium/selenium-ie-driver/3.141.59/selenium-ie-driver-3.141.59.jar:/Users/prateeksha.kharal/.m2/repository/org/seleniumhq/selenium/selenium-opera-driver/3.141.59/selenium-opera-driver-3.141.59.jar:/Users/prateeksha.kharal/.m2/repository/org/seleniumhq/selenium/selenium-remote-driver/3.141.59/selenium-remote-driver-3.141.59.jar:/Users/prateeksha.kharal/.m2/repository/org/seleniumhq/selenium/selenium-safari-driver/3.141.59/selenium-safari-driver-3.141.59.jar:/Users/prateeksha.kharal/.m2/repository/org/seleniumhq/selenium/selenium-support/3.141.59/selenium-support-3.141.59.jar:/Users/prateeksha.kharal/.m2/repository/org/apache/commons/commons-exec/1.3/commons-exec-1.3.jar:/Users/prateeksha.kharal/.m2/repository/com/squareup/okhttp3/okhttp/3.11.0/okhttp-3.11.0.jar:/Users/prateeksha.kharal/.m2/repository/com/squareup/okio/okio/1.14.0/okio-1.14.0.jar:/Users/prateeksha.kharal/.m2/repository/io/github/bonigarcia/webdrivermanager/4.3.1/webdrivermanager-4.3.1.jar:/Users/prateeksha.kharal/.m2/repository/commons-io/commons-io/2.8.0/commons-io-2.8.0.jar:/Users/prateeksha.kharal/.m2/repository/com/google/code/gson/gson/2.8.6/gson-2.8.6.jar:/Users/prateeksha.kharal/.m2/repository/org/apache/commons/commons-lang3/3.11/commons-lang3-3.11.jar:/Users/prateeksha.kharal/.m2/repository/org/jsoup/jsoup/1.13.1/jsoup-1.13.1.jar:/Users/prateeksha.kharal/.m2/repository/org/rauschig/jarchivelib/1.1.0/jarchivelib-1.1.0.jar:/Users/prateeksha.kharal/.m2/repository/org/apache/commons/commons-compress/1.20/commons-compress-1.20.jar:/Users/prateeksha.kharal/.m2/repository/org/apache/httpcomponents/client5/httpclient5/5.0.3/httpclient5-5.0.3.jar:/Users/prateeksha.kharal/.m2/repository/org/apache/httpcomponents/core5/httpcore5/5.0.2/httpcore5-5.0.2.jar:/Users/prateeksha.kharal/.m2/repository/commons-codec/commons-codec/1.13/commons-codec-1.13.jar:/Users/prateeksha.kharal/.m2/repository/com/google/guava/guava/30.1-jre/guava-30.1-jre.jar:/Users/prateeksha.kharal/.m2/repository/com/google/guava/failureaccess/1.0.1/failureaccess-1.0.1.jar:/Users/prateeksha.kharal/.m2/repository/com/google/guava/listenablefuture/9999.0-empty-to-avoid-conflict-with-guava/listenablefuture-9999.0-empty-to-avoid-conflict-with-guava.jar:/Users/prateeksha.kharal/.m2/repository/org/checkerframework/checker-qual/3.5.0/checker-qual-3.5.0.jar:/Users/prateeksha.kharal/.m2/repository/com/google/errorprone/error_prone_annotations/2.3.4/error_prone_annotations-2.3.4.jar:/Users/prateeksha.kharal/.m2/repository/com/google/j2objc/j2objc-annotations/1.3/j2objc-annotations-1.3.jar:/Users/prateeksha.kharal/.m2/repository/org/slf4j/slf4j-api/1.7.30/slf4j-api-1.7.30.jar:/Users/prateeksha.kharal/.m2/repository/com/fasterxml/jackson/dataformat/jackson-dataformat-yaml/2.3.0/jackson-dataformat-yaml-2.3.0.jar:/Users/prateeksha.kharal/.m2/repository/com/fasterxml/jackson/core/jackson-core/2.3.0/jackson-core-2.3.0.jar:/Users/prateeksha.kharal/.m2/repository/com/fasterxml/jackson/core/jackson-databind/2.2.3/jackson-databind-2.2.3.jar:/Users/prateeksha.kharal/.m2/repository/com/fasterxml/jackson/core/jackson-annotations/2.2.3/jackson-annotations-2.2.3.jar:/Users/prateeksha.kharal/.m2/repository/com/epam/reportportal/agent-java-cucumber4/5.0.1/agent-java-cucumber4-5.0.1.jar:/Users/prateeksha.kharal/.m2/repository/com/epam/reportportal/client-java/5.0.15/client-java-5.0.15.jar:/Users/prateeksha.kharal/.m2/repository/org/aspectj/aspectjweaver/1.9.2/aspectjweaver-1.9.2.jar:/Users/prateeksha.kharal/.m2/repository/org/aspectj/aspectjrt/1.9.2/aspectjrt-1.9.2.jar:/Users/prateeksha.kharal/.m2/repository/io/reactivex/rxjava2/rxjava/2.2.10/rxjava-2.2.10.jar:/Users/prateeksha.kharal/.m2/repository/org/reactivestreams/reactive-streams/1.0.2/reactive-streams-1.0.2.jar:/Users/prateeksha.kharal/.m2/repository/org/apache/tika/tika-core/1.20/tika-core-1.20.jar:/Users/prateeksha.kharal/.m2/repository/com/epam/reportportal/commons-model/5.0.0/commons-model-5.0.0.jar:/Users/prateeksha.kharal/.m2/repository/io/swagger/swagger-annotations/1.5.24/swagger-annotations-1.5.24.jar:/Users/prateeksha.kharal/.m2/repository/javax/validation/validation-api/2.0.1.Final/validation-api-2.0.1.Final.jar:/Users/prateeksha.kharal/.m2/repository/com/google/code/findbugs/jsr305/3.0.2/jsr305-3.0.2.jar:/Users/prateeksha.kharal/.m2/repository/com/epam/reportportal/logger-java-logback/5.0.1/logger-java-logback-5.0.1.jar:/Users/prateeksha.kharal/.m2/repository/ch/qos/logback/logback-classic/1.2.3/logback-classic-1.2.3.jar:/Users/prateeksha.kharal/.m2/repository/ch/qos/logback/logback-core/1.2.3/logback-core-1.2.3.jar:/Users/prateeksha.kharal/.m2/repository/org/easytesting/fest-assert-core/2.0M10/fest-assert-core-2.0M10.jar:/Users/prateeksha.kharal/.m2/repository/org/easytesting/fest-util/1.2.5/fest-util-1.2.5.jar:/Users/prateeksha.kharal/.m2/repository/org/postgresql/postgresql/42.2.14/postgresql-42.2.14.jar:"/>
    <property name="sun.cpu.endian" value="little"/>
    <property name="user.home" value="/Users/prateeksha.kharal"/>
    <property name="user.language" value="en"/>
    <property name="java.specification.vendor" value="Oracle Corporation"/>
    <property name="java.version.date" value="2020-10-20"/>
    <property name="java.home" value="/usr/local/Cellar/openjdk/15.0.1/libexec/openjdk.jdk/Contents/Home"/>
    <property name="file.separator" value="/"/>
    <property name="basedir" value="/Users/prateeksha.kharal/IdeaProjects/SelenideCucumberDemo"/>
    <property name="java.vm.compressedOopsMode" value="Zero based"/>
    <property name="line.separator" value="&#10;"/>
    <property name="java.specification.name" value="Java Platform API Specification"/>
    <property name="java.vm.specification.vendor" value="Oracle Corporation"/>
    <property name="surefire.real.class.path" value="/Users/prateeksha.kharal/IdeaProjects/SelenideCucumberDemo/target/surefire/surefirebooter13293742198828543858.jar"/>
    <property name="sun.management.compiler" value="HotSpot 64-Bit Tiered Compilers"/>
    <property name="ftp.nonProxyHosts" value="local, 169.254/16|*.local, 169.254/16"/>
    <property name="java.runtime.version" value="15.0.1+9"/>
    <property name="user.name" value="prateeksha.kharal"/>
    <property name="path.separator" value=":"/>
    <property name="os.version" value="10.15.7"/>
    <property name="java.runtime.name" value="OpenJDK Runtime Environment"/>
    <property name="file.encoding" value="US-ASCII"/>
    <property name="java.vm.name" value="OpenJDK 64-Bit Server VM"/>
    <property name="localRepository" value="/Users/prateeksha.kharal/.m2/repository"/>
    <property name="cucumber.options" value="--tags @P1"/>
    <property name="java.vendor.url.bug" value="https://bugreport.java.com/bugreport/"/>
    <property name="java.io.tmpdir" value="/var/folders/1t/ylstj0kd351csnfxk4z7w9nc0000gp/T/"/>
    <property name="java.version" value="15.0.1"/>
    <property name="user.dir" value="/Users/prateeksha.kharal/IdeaProjects/SelenideCucumberDemo"/>
    <property name="os.arch" value="x86_64"/>
    <property name="java.vm.specification.name" value="Java Virtual Machine Specification"/>
    <property name="java.library.path" value="/Users/prateeksha.kharal/Library/Java/Extensions:/Library/Java/Extensions:/Network/Library/Java/Extensions:/System/Library/Java/Extensions:/usr/lib/java:."/>
    <property name="java.vm.info" value="mixed mode, sharing"/>
    <property name="java.vendor" value="N/A"/>
    <property name="java.vm.version" value="15.0.1+9"/>
    <property name="sun.io.unicode.encoding" value="UnicodeBig"/>
    <property name="socksNonProxyHosts" value="local, 169.254/16|*.local, 169.254/16"/>
    <property name="java.class.version" value="59.0"/>
  </properties>
  <testcase name="runScenario" classname="CucumberRunner" time="12.766">
    <failure message="Either the specified parameters do not match any of the following constructors: [private StepDefination.admin.AdminDashboardStepDef()]; OR the constructors were not accessible for &apos;StepDefination.admin.AdminDashboardStepDef&apos;" type="org.picocontainer.PicoCompositionException">org.picocontainer.PicoCompositionException: Either the specified parameters do not match any of the following constructors: [private StepDefination.admin.AdminDashboardStepDef()]; OR the constructors were not accessible for 'StepDefination.admin.AdminDashboardStepDef'
</failure>
    <system-out><![CDATA[properties.load(Context.class.getClassLoader()app
14:18:20.281 [TestNG-PoolService-0] DEBUG com.codeborne.selenide.impl.Plugins - Using default implementation of com.codeborne.selenide.impl.ElementDescriber: com.codeborne.selenide.impl.SelenideElementDescriber
14:18:20.302 [TestNG-PoolService-0] DEBUG com.codeborne.selenide.impl.Plugins - Using default implementation of com.codeborne.selenide.impl.Photographer: com.codeborne.selenide.impl.WebdriverPhotographer
14:18:20.305 [TestNG-PoolService-0] DEBUG com.codeborne.selenide.impl.Plugins - Using default implementation of com.codeborne.selenide.impl.PageSourceExtractor: com.codeborne.selenide.impl.WebPageSourceExtractor
14:18:20.311 [TestNG-PoolService-0] DEBUG com.codeborne.selenide.impl.Plugins - Using default implementation of com.codeborne.selenide.impl.PageObjectFactory: com.codeborne.selenide.impl.SelenidePageFactory
14:18:20.319 [TestNG-PoolService-0] DEBUG com.codeborne.selenide.impl.CiReportUrl - Variable selenide.reportsUrl not found
14:18:20.322 [TestNG-PoolService-0] INFO com.codeborne.selenide.impl.WebDriverThreadLocalContainer - No webdriver is bound to current thread: 16 - let's create a new webdriver
14:18:20.515 [TestNG-PoolService-0] INFO com.codeborne.selenide.impl.FileHelper - Creating folder: /Users/prateeksha.kharal/IdeaProjects/SelenideCucumberDemo/build/downloads/1616662100322_11406_16
14:18:20.516 [TestNG-PoolService-0] DEBUG com.codeborne.selenide.webdriver.WebDriverFactory - browser=chrome
14:18:20.516 [TestNG-PoolService-0] DEBUG com.codeborne.selenide.webdriver.WebDriverFactory - browser.version=null
14:18:20.517 [TestNG-PoolService-0] DEBUG com.codeborne.selenide.webdriver.WebDriverFactory - remote=null
14:18:20.518 [TestNG-PoolService-0] DEBUG com.codeborne.selenide.webdriver.WebDriverFactory - browserSize=1366x768
14:18:20.518 [TestNG-PoolService-0] DEBUG com.codeborne.selenide.webdriver.WebDriverFactory - startMaximized=false
14:18:20.518 [TestNG-PoolService-0] DEBUG com.codeborne.selenide.webdriver.WebDriverFactory - downloadsFolder=/Users/prateeksha.kharal/IdeaProjects/SelenideCucumberDemo/build/downloads/1616662100322_11406_16
14:18:21.101 [TestNG-PoolService-0] DEBUG io.github.bonigarcia.wdm.cache.ResolutionCache - Removing resolution chrome=89 from cache (expired on Thu Mar 25 13:51:41 IST 2021)
14:18:21.105 [TestNG-PoolService-0] DEBUG io.github.bonigarcia.wdm.versions.Shell - Running command on the shell: [/Applications/Google Chrome.app/Contents/MacOS/Google Chrome, --version]
14:18:21.441 [TestNG-PoolService-0] DEBUG io.github.bonigarcia.wdm.versions.Shell - Result: Google Chrome 89.0.4389.90
14:18:21.443 [TestNG-PoolService-0] DEBUG io.github.bonigarcia.wdm.cache.ResolutionCache - Resolution chrome89=89.0.4389.23 in cache (valid until 12:51:41 26/03/2021 IST)
14:18:21.444 [TestNG-PoolService-0] INFO io.github.bonigarcia.wdm.WebDriverManager - Using chromedriver 89.0.4389.23 (resolved driver for Chrome 89)
14:18:21.447 [TestNG-PoolService-0] DEBUG io.github.bonigarcia.wdm.cache.ResolutionCache - Storing resolution chrome=89 in cache (valid until 15:18:21 25/03/2021 IST)
14:18:21.465 [TestNG-PoolService-0] DEBUG io.github.bonigarcia.wdm.WebDriverManager - Driver chromedriver 89.0.4389.23 found in cache
14:18:21.466 [TestNG-PoolService-0] INFO io.github.bonigarcia.wdm.WebDriverManager - Exporting webdriver.chrome.driver as /Users/prateeksha.kharal/.cache/selenium/chromedriver/mac64/89.0.4389.23/chromedriver
14:18:21.473 [TestNG-PoolService-0] DEBUG com.codeborne.selenide.webdriver.ChromeDriverFactory - Using chrome preferences: {credentials_enable_service=false, plugins.always_open_pdf_externally=true, profile.default_content_setting_values.automatic_downloads=1, download.default_directory=/Users/prateeksha.kharal/IdeaProjects/SelenideCucumberDemo/build/downloads/1616662100322_11406_16}
14:18:21.519 [TestNG-PoolService-0] DEBUG com.codeborne.selenide.webdriver.ChromeDriverFactory - Chrome options: Capabilities {acceptInsecureCerts: true, acceptSslCerts: true, browserName: chrome, goog:chromeOptions: {args: [--proxy-bypass-list=<-loopb..., --disable-dev-shm-usage, --no-sandbox], excludeSwitches: [enable-automation, load-extension], extensions: [], prefs: {credentials_enable_service: false, download.default_directory: /Users/prateeksha.kharal/Id..., plugins.always_open_pdf_externally: true, profile.default_content_setting_values.automatic_downloads: 1}}, handlesAlerts: true, javascriptEnabled: true, pageLoadStrategy: normal, takesScreenshot: true}
14:18:23.659 [TestNG-PoolService-0] INFO com.codeborne.selenide.webdriver.BrowserResizer - Set browser size to 1366x768
14:18:23.795 [TestNG-PoolService-0] INFO com.codeborne.selenide.webdriver.WebDriverFactory - BrowserName=chrome Version=89.0.4389.90 Platform=MAC
14:18:23.796 [TestNG-PoolService-0] INFO com.codeborne.selenide.webdriver.WebDriverFactory - Selenide v. 5.18.0
14:18:23.798 [TestNG-PoolService-0] INFO com.codeborne.selenide.webdriver.WebDriverFactory - Selenium WebDriver v. 3.141.59 build time: 2018-11-14T08:17:03
14:18:23.798 [TestNG-PoolService-0] INFO com.codeborne.selenide.drivercommands.CreateDriverCommand - Create webdriver in current thread 16: ChromeDriver -> ChromeDriver: chrome on MAC (f5f00c424257aa4604e374dca1d52b32)
14:18:28.899 [TestNG-PoolService-0] DEBUG com.codeborne.selenide.impl.Plugins - Using default implementation of com.codeborne.selenide.impl.DownloadFileToFolder: com.codeborne.selenide.impl.DownloadFileToFolder
]]></system-out>
    <system-err><![CDATA[Mar 25, 2021 2:18:20 PM cucumber.runtime.java.ObjectFactoryLoader loadSingleObjectFactory
INFO: Loading ObjectFactory via service loader: io.cucumber.picocontainer.PicoFactory
Starting ChromeDriver 89.0.4389.23 (61b08ee2c50024bab004e48d2b1b083cdbdac579-refs/branch-heads/4389@{#294}) on port 2273
Only local connections are allowed.
Please see https://chromedriver.chromium.org/security-considerations for suggestions on keeping ChromeDriver safe.
[1616662101.707][WARNING]: FromSockAddr failed on netmask
ChromeDriver was started successfully.
Mar 25, 2021 2:18:23 PM org.openqa.selenium.remote.ProtocolHandshake createSession
INFO: Detected dialect: W3C
]]></system-err>
  </testcase>
  <testcase name="runScenario" classname="CucumberRunner" time="0.017">
    <failure message="expecting:&lt;&apos;https://mibenefits-qua.ebms.com/administrator/dashboard&apos;&gt; to contain:&lt;&apos;https://mibenefits-qua.ebms.com/administrator/membership&apos;&gt; (ignoring case)" type="java.lang.AssertionError"><![CDATA[java.lang.AssertionError: expecting:<'https://mibenefits-qua.ebms.com/administrator/dashboard'> to contain:<'https://mibenefits-qua.ebms.com/administrator/membership'> (ignoring case)
]]></failure>
    <system-out><![CDATA[properties.load(Context.class.getClassLoader()app
------inside constructor membershipPage--------
------inside get() base page--------
------inside try() base page--------
------inside is loaded membershipPage--------
------inside finally() base page--------
------inside is loaded membershipPage--------
]]></system-out>
  </testcase>
</testsuite>