<?xml version="1.0" encoding="UTF-8"?>
<!-- Generated by org.testng.reporters.JUnitReportReporter -->
<testsuite hostname="Prateeksha-Kharal-MBP-2.local" failures="0" tests="4" name="CucumberRunner" time="86.507" errors="0" timestamp="03 Mar 2021 07:33:12 GMT" skipped="0">
  <testcase classname="CucumberRunner" name="runScenario" time="24.076"/>
  <testcase classname="CucumberRunner" name="runScenario" time="13.996"/>
  <testcase classname="CucumberRunner" name="runScenario" time="24.717"/>
  <testcase classname="CucumberRunner" name="runScenario" time="23.718"/>
</testsuite> <!-- CucumberRunner -->
