<?xml version="1.0" encoding="UTF-8"?>
<!-- Generated by org.testng.reporters.JUnitReportReporter -->
<testsuite hostname="Prateeksha-Kharal-MBP-2.local" failures="0" tests="4" name="CucumberRunner" time="81.037" errors="0" timestamp="03 Mar 2021 10:06:05 GMT" skipped="0">
  <testcase classname="CucumberRunner" name="runScenario" time="22.372"/>
  <testcase classname="CucumberRunner" name="runScenario" time="22.506"/>
  <testcase classname="CucumberRunner" name="runScenario" time="14.086"/>
  <testcase classname="CucumberRunner" name="runScenario" time="22.073"/>
</testsuite> <!-- CucumberRunner -->
